CRITICAL - 2023-05-18 04:24:26 --> Argument 2 passed to view() must be of the type array, null given, called in E:\Programms\OpenServer\OpenServer\domains\Dol\app\Controllers\Admin.php on line 26
in SYSTEMPATH\Common.php on line 1172.
 1 APPPATH\Controllers\Admin.php(26): view()
 2 SYSTEMPATH\CodeIgniter.php(934): App\Controllers\Admin->Index()
 3 SYSTEMPATH\CodeIgniter.php(499): CodeIgniter\CodeIgniter->runController()
 4 SYSTEMPATH\CodeIgniter.php(368): CodeIgniter\CodeIgniter->handleRequest()
 5 FCPATH\index.php(67): CodeIgniter\CodeIgniter->run()
CRITICAL - 2023-05-18 04:24:40 --> Invalid argument supplied for foreach()
in APPPATH\Views\site\authAdmin.php on line 68.
 1 APPPATH\Views\site\authAdmin.php(68): CodeIgniter\Debug\Exceptions->errorHandler()
 2 SYSTEMPATH\View\View.php(213): include('E:\\Programms\\OpenServer\\OpenServer\\domains\\Dol\\app\\Views\\site\\authAdmin.php')
 3 SYSTEMPATH\View\View.php(216): CodeIgniter\View\View->CodeIgniter\View\{closure}()
 4 SYSTEMPATH\Common.php(1184): CodeIgniter\View\View->render()
 5 APPPATH\Controllers\Admin.php(26): view()
 6 SYSTEMPATH\CodeIgniter.php(934): App\Controllers\Admin->Index()
 7 SYSTEMPATH\CodeIgniter.php(499): CodeIgniter\CodeIgniter->runController()
 8 SYSTEMPATH\CodeIgniter.php(368): CodeIgniter\CodeIgniter->handleRequest()
 9 FCPATH\index.php(67): CodeIgniter\CodeIgniter->run()
CRITICAL - 2023-05-18 05:57:15 --> Class 'App\Controllers\Cities' not found
in APPPATH\Controllers\Admin.php on line 13.
 1 SYSTEMPATH\CodeIgniter.php(907): App\Controllers\Admin->initController()
 2 SYSTEMPATH\CodeIgniter.php(490): CodeIgniter\CodeIgniter->createController()
 3 SYSTEMPATH\CodeIgniter.php(368): CodeIgniter\CodeIgniter->handleRequest()
 4 FCPATH\index.php(67): CodeIgniter\CodeIgniter->run()
CRITICAL - 2023-05-18 05:58:56 --> syntax error, unexpected ','
in APPPATH\Controllers\Admin.php on line 28.
 1 SYSTEMPATH\Autoloader\Autoloader.php(289): CodeIgniter\Autoloader\Autoloader->includeFile()
 2 SYSTEMPATH\Autoloader\Autoloader.php(267): CodeIgniter\Autoloader\Autoloader->loadInNamespace()
 3 [internal function]: CodeIgniter\Autoloader\Autoloader->loadClass()
 4 [internal function]: spl_autoload_call()
 5 SYSTEMPATH\CodeIgniter.php(892): class_exists()
 6 SYSTEMPATH\CodeIgniter.php(486): CodeIgniter\CodeIgniter->startController()
 7 SYSTEMPATH\CodeIgniter.php(368): CodeIgniter\CodeIgniter->handleRequest()
 8 FCPATH\index.php(67): CodeIgniter\CodeIgniter->run()
