CRITICAL - 2023-05-21 09:00:53 --> Cannot use object of type mysqli as array
in APPPATH\Views\site\registration.php on line 69.
 1 SYSTEMPATH\View\View.php(213): include()
 2 SYSTEMPATH\View\View.php(216): CodeIgniter\View\View->CodeIgniter\View\{closure}()
 3 SYSTEMPATH\Common.php(1184): CodeIgniter\View\View->render()
 4 APPPATH\Controllers\Registration.php(31): view()
 5 SYSTEMPATH\CodeIgniter.php(934): App\Controllers\Registration->Index()
 6 SYSTEMPATH\CodeIgniter.php(499): CodeIgniter\CodeIgniter->runController()
 7 SYSTEMPATH\CodeIgniter.php(368): CodeIgniter\CodeIgniter->handleRequest()
 8 FCPATH\index.php(67): CodeIgniter\CodeIgniter->run()
CRITICAL - 2023-05-21 09:01:02 --> Call to undefined method CodeIgniter\Database\MySQLi\Builder::getResultArray()
in APPPATH\Models\Cities.php on line 26.
 1 APPPATH\Controllers\Registration.php(30): App\Models\Cities->getAllCity()
 2 SYSTEMPATH\CodeIgniter.php(934): App\Controllers\Registration->Index()
 3 SYSTEMPATH\CodeIgniter.php(499): CodeIgniter\CodeIgniter->runController()
 4 SYSTEMPATH\CodeIgniter.php(368): CodeIgniter\CodeIgniter->handleRequest()
 5 FCPATH\index.php(67): CodeIgniter\CodeIgniter->run()
CRITICAL - 2023-05-21 09:01:21 --> Cannot use object of type mysqli as array
in APPPATH\Views\site\registration.php on line 69.
 1 SYSTEMPATH\View\View.php(213): include()
 2 SYSTEMPATH\View\View.php(216): CodeIgniter\View\View->CodeIgniter\View\{closure}()
 3 SYSTEMPATH\Common.php(1184): CodeIgniter\View\View->render()
 4 APPPATH\Controllers\Registration.php(31): view()
 5 SYSTEMPATH\CodeIgniter.php(934): App\Controllers\Registration->Index()
 6 SYSTEMPATH\CodeIgniter.php(499): CodeIgniter\CodeIgniter->runController()
 7 SYSTEMPATH\CodeIgniter.php(368): CodeIgniter\CodeIgniter->handleRequest()
 8 FCPATH\index.php(67): CodeIgniter\CodeIgniter->run()
CRITICAL - 2023-05-21 09:06:02 --> Call to undefined method CodeIgniter\Database\MySQLi\Builder::getResultArray()
in APPPATH\Models\Cities.php on line 34.
 1 APPPATH\Controllers\Admin.php(95): App\Models\Cities->GetCity()
 2 SYSTEMPATH\CodeIgniter.php(934): App\Controllers\Admin->GetRepresentative()
 3 SYSTEMPATH\CodeIgniter.php(499): CodeIgniter\CodeIgniter->runController()
 4 SYSTEMPATH\CodeIgniter.php(368): CodeIgniter\CodeIgniter->handleRequest()
 5 FCPATH\index.php(67): CodeIgniter\CodeIgniter->run()
CRITICAL - 2023-05-21 09:08:05 --> Call to undefined method CodeIgniter\Database\MySQLi\Builder::first()
in APPPATH\Models\Cities.php on line 34.
 1 APPPATH\Controllers\Admin.php(95): App\Models\Cities->GetCity()
 2 SYSTEMPATH\CodeIgniter.php(934): App\Controllers\Admin->GetRepresentative()
 3 SYSTEMPATH\CodeIgniter.php(499): CodeIgniter\CodeIgniter->runController()
 4 SYSTEMPATH\CodeIgniter.php(368): CodeIgniter\CodeIgniter->handleRequest()
 5 FCPATH\index.php(67): CodeIgniter\CodeIgniter->run()
