CRITICAL - 2023-05-19 10:44:25 --> Undefined variable $config
in APPPATH\Controllers\BaseController.php on line 53.
 1 APPPATH\Controllers\BaseController.php(53): CodeIgniter\Debug\Exceptions->errorHandler()
 2 SYSTEMPATH\CodeIgniter.php(907): App\Controllers\BaseController->initController()
 3 SYSTEMPATH\CodeIgniter.php(490): CodeIgniter\CodeIgniter->createController()
 4 SYSTEMPATH\CodeIgniter.php(368): CodeIgniter\CodeIgniter->handleRequest()
 5 FCPATH\index.php(67): CodeIgniter\CodeIgniter->run()
CRITICAL - 2023-05-19 10:45:55 --> Undefined variable $config
in APPPATH\Controllers\BaseController.php on line 53.
 1 APPPATH\Controllers\BaseController.php(53): CodeIgniter\Debug\Exceptions->errorHandler()
 2 SYSTEMPATH\CodeIgniter.php(907): App\Controllers\BaseController->initController()
 3 SYSTEMPATH\CodeIgniter.php(490): CodeIgniter\CodeIgniter->createController()
 4 SYSTEMPATH\CodeIgniter.php(368): CodeIgniter\CodeIgniter->handleRequest()
 5 FCPATH\index.php(67): CodeIgniter\CodeIgniter->run()
CRITICAL - 2023-05-19 10:45:57 --> Undefined variable $config
in APPPATH\Controllers\BaseController.php on line 53.
 1 APPPATH\Controllers\BaseController.php(53): CodeIgniter\Debug\Exceptions->errorHandler()
 2 SYSTEMPATH\CodeIgniter.php(907): App\Controllers\BaseController->initController()
 3 SYSTEMPATH\CodeIgniter.php(490): CodeIgniter\CodeIgniter->createController()
 4 SYSTEMPATH\CodeIgniter.php(368): CodeIgniter\CodeIgniter->handleRequest()
 5 FCPATH\index.php(67): CodeIgniter\CodeIgniter->run()
CRITICAL - 2023-05-19 10:48:29 --> Undefined global variable $_SESSION
in APPPATH\Controllers\BaseController.php on line 56.
 1 APPPATH\Controllers\BaseController.php(56): CodeIgniter\Debug\Exceptions->errorHandler()
 2 SYSTEMPATH\CodeIgniter.php(907): App\Controllers\BaseController->initController()
 3 SYSTEMPATH\CodeIgniter.php(490): CodeIgniter\CodeIgniter->createController()
 4 SYSTEMPATH\CodeIgniter.php(368): CodeIgniter\CodeIgniter->handleRequest()
 5 FCPATH\index.php(67): CodeIgniter\CodeIgniter->run()
CRITICAL - 2023-05-19 10:48:35 --> Undefined global variable $_SESSION
in APPPATH\Controllers\BaseController.php on line 56.
 1 APPPATH\Controllers\BaseController.php(56): CodeIgniter\Debug\Exceptions->errorHandler()
 2 SYSTEMPATH\CodeIgniter.php(907): App\Controllers\BaseController->initController()
 3 SYSTEMPATH\CodeIgniter.php(490): CodeIgniter\CodeIgniter->createController()
 4 SYSTEMPATH\CodeIgniter.php(368): CodeIgniter\CodeIgniter->handleRequest()
 5 FCPATH\index.php(67): CodeIgniter\CodeIgniter->run()
CRITICAL - 2023-05-19 10:49:03 --> Undefined array key "error"
in APPPATH\Views\site\registration.php on line 50.
 1 APPPATH\Views\site\registration.php(50): CodeIgniter\Debug\Exceptions->errorHandler()
 2 SYSTEMPATH\View\View.php(213): include('C:\\OSPanel\\domains\\Dol\\app\\Views\\site\\registration.php')
 3 SYSTEMPATH\View\View.php(216): CodeIgniter\View\View->CodeIgniter\View\{closure}()
 4 SYSTEMPATH\Common.php(1184): CodeIgniter\View\View->render()
 5 APPPATH\Controllers\Registration.php(31): view()
 6 SYSTEMPATH\CodeIgniter.php(934): App\Controllers\Registration->Index()
 7 SYSTEMPATH\CodeIgniter.php(499): CodeIgniter\CodeIgniter->runController()
 8 SYSTEMPATH\CodeIgniter.php(368): CodeIgniter\CodeIgniter->handleRequest()
 9 FCPATH\index.php(67): CodeIgniter\CodeIgniter->run()
CRITICAL - 2023-05-19 10:50:51 --> Undefined variable $config
in APPPATH\Filters\Auth.php on line 14.
 1 APPPATH\Filters\Auth.php(14): CodeIgniter\Debug\Exceptions->errorHandler()
 2 SYSTEMPATH\Filters\Filters.php(173): App\Filters\Auth->before()
 3 SYSTEMPATH\CodeIgniter.php(473): CodeIgniter\Filters\Filters->run()
 4 SYSTEMPATH\CodeIgniter.php(368): CodeIgniter\CodeIgniter->handleRequest()
 5 FCPATH\index.php(67): CodeIgniter\CodeIgniter->run()
CRITICAL - 2023-05-19 10:51:41 --> Undefined array key "logged"
in APPPATH\Filters\Auth.php on line 17.
 1 APPPATH\Filters\Auth.php(17): CodeIgniter\Debug\Exceptions->errorHandler()
 2 SYSTEMPATH\Filters\Filters.php(173): App\Filters\Auth->before()
 3 SYSTEMPATH\CodeIgniter.php(473): CodeIgniter\Filters\Filters->run()
 4 SYSTEMPATH\CodeIgniter.php(368): CodeIgniter\CodeIgniter->handleRequest()
 5 FCPATH\index.php(67): CodeIgniter\CodeIgniter->run()
CRITICAL - 2023-05-19 10:53:18 --> Undefined array key "logged"
in APPPATH\Filters\Auth.php on line 16.
 1 APPPATH\Filters\Auth.php(16): CodeIgniter\Debug\Exceptions->errorHandler()
 2 SYSTEMPATH\Filters\Filters.php(173): App\Filters\Auth->before()
 3 SYSTEMPATH\CodeIgniter.php(473): CodeIgniter\Filters\Filters->run()
 4 SYSTEMPATH\CodeIgniter.php(368): CodeIgniter\CodeIgniter->handleRequest()
 5 FCPATH\index.php(67): CodeIgniter\CodeIgniter->run()
CRITICAL - 2023-05-19 10:54:37 --> Undefined array key "logged"
in APPPATH\Filters\Auth.php on line 16.
 1 APPPATH\Filters\Auth.php(16): CodeIgniter\Debug\Exceptions->errorHandler()
 2 SYSTEMPATH\Filters\Filters.php(173): App\Filters\Auth->before()
 3 SYSTEMPATH\CodeIgniter.php(473): CodeIgniter\Filters\Filters->run()
 4 SYSTEMPATH\CodeIgniter.php(368): CodeIgniter\CodeIgniter->handleRequest()
 5 FCPATH\index.php(67): CodeIgniter\CodeIgniter->run()
CRITICAL - 2023-05-19 10:54:55 --> Undefined global variable $_SESSION
in APPPATH\Filters\Auth.php on line 17.
 1 APPPATH\Filters\Auth.php(17): CodeIgniter\Debug\Exceptions->errorHandler()
 2 SYSTEMPATH\Filters\Filters.php(173): App\Filters\Auth->before()
 3 SYSTEMPATH\CodeIgniter.php(473): CodeIgniter\Filters\Filters->run()
 4 SYSTEMPATH\CodeIgniter.php(368): CodeIgniter\CodeIgniter->handleRequest()
 5 FCPATH\index.php(67): CodeIgniter\CodeIgniter->run()
CRITICAL - 2023-05-19 10:57:54 --> Undefined array key "logged"
in APPPATH\Filters\Auth.php on line 17.
 1 APPPATH\Filters\Auth.php(17): CodeIgniter\Debug\Exceptions->errorHandler()
 2 SYSTEMPATH\Filters\Filters.php(173): App\Filters\Auth->before()
 3 SYSTEMPATH\CodeIgniter.php(473): CodeIgniter\Filters\Filters->run()
 4 SYSTEMPATH\CodeIgniter.php(368): CodeIgniter\CodeIgniter->handleRequest()
 5 FCPATH\index.php(67): CodeIgniter\CodeIgniter->run()
CRITICAL - 2023-05-19 10:58:06 --> Undefined variable $config
in APPPATH\Filters\Auth.php on line 14.
 1 APPPATH\Filters\Auth.php(14): CodeIgniter\Debug\Exceptions->errorHandler()
 2 SYSTEMPATH\Filters\Filters.php(173): App\Filters\Auth->before()
 3 SYSTEMPATH\CodeIgniter.php(473): CodeIgniter\Filters\Filters->run()
 4 SYSTEMPATH\CodeIgniter.php(368): CodeIgniter\CodeIgniter->handleRequest()
 5 FCPATH\index.php(67): CodeIgniter\CodeIgniter->run()
CRITICAL - 2023-05-19 10:58:20 --> Undefined array key "logged"
in APPPATH\Filters\Auth.php on line 18.
 1 APPPATH\Filters\Auth.php(18): CodeIgniter\Debug\Exceptions->errorHandler()
 2 SYSTEMPATH\Filters\Filters.php(173): App\Filters\Auth->before()
 3 SYSTEMPATH\CodeIgniter.php(473): CodeIgniter\Filters\Filters->run()
 4 SYSTEMPATH\CodeIgniter.php(368): CodeIgniter\CodeIgniter->handleRequest()
 5 FCPATH\index.php(67): CodeIgniter\CodeIgniter->run()
CRITICAL - 2023-05-19 11:02:48 --> Auth фильтр должен иметь соответствующий алиас.
in SYSTEMPATH\Filters\Filters.php on line 340.
 1 SYSTEMPATH\Filters\Filters.php(340): CodeIgniter\Filters\Exceptions\FilterException::forNoAlias()
 2 SYSTEMPATH\CodeIgniter.php(466): CodeIgniter\Filters\Filters->enableFilter()
 3 SYSTEMPATH\CodeIgniter.php(368): CodeIgniter\CodeIgniter->handleRequest()
 4 FCPATH\index.php(67): CodeIgniter\CodeIgniter->run()
CRITICAL - 2023-05-19 11:03:34 --> auth фильтр должен иметь соответствующий алиас.
in SYSTEMPATH\Filters\Filters.php on line 340.
 1 SYSTEMPATH\Filters\Filters.php(340): CodeIgniter\Filters\Exceptions\FilterException::forNoAlias()
 2 SYSTEMPATH\CodeIgniter.php(466): CodeIgniter\Filters\Filters->enableFilter()
 3 SYSTEMPATH\CodeIgniter.php(368): CodeIgniter\CodeIgniter->handleRequest()
 4 FCPATH\index.php(67): CodeIgniter\CodeIgniter->run()
CRITICAL - 2023-05-19 11:06:22 --> Undefined global variable $_SESSION
in APPPATH\Filters\Auth.php on line 17.
 1 APPPATH\Filters\Auth.php(17): CodeIgniter\Debug\Exceptions->errorHandler()
 2 SYSTEMPATH\Filters\Filters.php(173): App\Filters\Auth->before()
 3 SYSTEMPATH\CodeIgniter.php(473): CodeIgniter\Filters\Filters->run()
 4 SYSTEMPATH\CodeIgniter.php(368): CodeIgniter\CodeIgniter->handleRequest()
 5 FCPATH\index.php(67): CodeIgniter\CodeIgniter->run()
